{
  "stats": {
    "suites": 1,
    "tests": 1,
    "passes": 1,
    "pending": 0,
    "failures": 0,
    "start": "2021-10-20T18:51:14.607Z",
    "end": "2021-10-20T18:51:16.220Z",
    "duration": 1613,
    "testsRegistered": 1,
    "passPercent": 100,
    "pendingPercent": 0,
    "other": 0,
    "hasOther": false,
    "skipped": 0,
    "hasSkipped": false
  },
  "results": [
    {
      "uuid": "78fc70b4-5ee0-4478-b896-e83b3ab21f6d",
      "title": "",
      "fullFile": "cypress/integration/veterinarianslist.feature",
      "file": "cypress/integration/veterinarianslist.feature",
      "beforeHooks": [],
      "afterHooks": [],
      "tests": [],
      "suites": [
        {
          "uuid": "5dff9e86-ea94-4a61-8519-02dcdc269917",
          "title": "As a visitor to the website I can access the list of veterinarians to view their information",
          "fullFile": "",
          "file": "",
          "beforeHooks": [],
          "afterHooks": [],
          "tests": [
            {
              "title": "The visitor can access the list of veterinarians through the dedicated link in the navbar of the site",
              "fullTitle": "As a visitor to the website I can access the list of veterinarians to view their information The visitor can access the list of veterinarians through the dedicated link in the navbar of the site",
              "timedOut": null,
              "duration": 1521,
              "state": "passed",
              "speed": "slow",
              "pass": true,
              "fail": false,
              "pending": false,
              "context": null,
              "code": "const state = window.testState;\nreturn cy\n  .then(() => state.onStartScenario(scenario, indexedSteps))\n  .then(() =>\n    resolveAndRunBeforeHooks.call(this, scenario.tags, state.feature.name)\n  )\n  .then(() =>\n    indexedSteps.forEach((step) =>\n      stepTest.call(this, state, step, rowData)\n    )\n  )\n  .then(() => state.onFinishScenario(scenario));",
              "err": {},
              "uuid": "73877416-c845-44e2-8984-15d4ea2929ae",
              "parentUUID": "5dff9e86-ea94-4a61-8519-02dcdc269917",
              "isHook": false,
              "skipped": false
            }
          ],
          "suites": [],
          "passes": [
            "73877416-c845-44e2-8984-15d4ea2929ae"
          ],
          "failures": [],
          "pending": [],
          "skipped": [],
          "duration": 1521,
          "root": false,
          "rootEmpty": false,
          "_timeout": 2000
        }
      ],
      "passes": [],
      "failures": [],
      "pending": [],
      "skipped": [],
      "duration": 0,
      "root": true,
      "rootEmpty": true,
      "_timeout": 2000
    }
  ],
  "meta": {
    "mocha": {
      "version": "7.0.1"
    },
    "mochawesome": {
      "options": {
        "quiet": false,
        "reportFilename": "mochawesome",
        "saveHtml": false,
        "saveJson": true,
        "consoleReporter": "spec",
        "useInlineDiffs": false,
        "code": true
      },
      "version": "6.3.1"
    },
    "marge": {
      "options": {
        "id": "default",
        "reportDir": "cypress/reports/mocha",
        "quite": true,
        "overwrite": false,
        "html": false,
        "json": true
      },
      "version": "5.2.0"
    }
  }
}